# JRE version: OpenJDK Runtime Environment Temurin-21.0.11+10 (21.0.11+10) (build 21.0.11+10-LTS)
# Java VM: OpenJDK 64-Bit Server VM Temurin-21.0.11+10 (21.0.11+10-LTS, mixed mode, sharing, tiered, compressed oops, compressed class ptrs, parallel gc, windows-amd64)
GC Precious Log:
 CardTable entry size: 512
 CPUs: 12 total, 12 available
 Memory: 7518M
 Large Page Support: Disabled
 NUMA Support: Disabled
 Compressed Oops: Enabled (32-bit)
 Alignments: Space 512K, Generation 512K, Heap 2M
 Heap Min Capacity: 100M
 Heap Initial Capacity: 100M
 Heap Max Capacity: 2G
 Pre-touch: Disabled
 Parallel Workers: 10
Heap:
 PSYoungGen      total 3072K, used 2816K [0x00000000d5580000, 0x00000000d5a80000, 0x0000000100000000)
  eden space 2560K, 100% used [0x00000000d5580000,0x00000000d5800000,0x00000000d5800000)
  from space 512K, 50% used [0x00000000d5980000,0x00000000d59c0000,0x00000000d5a00000)
  to   space 512K, 0% used [0x00000000d5a00000,0x00000000d5a00000,0x00000000d5a80000)
 ParOldGen       total 1308160K, used 1307736K [0x0000000080000000, 0x00000000cfd80000, 0x00000000d5580000)
  object space 1308160K, 99% used [0x0000000080000000,0x00000000cfd162f0,0x00000000cfd80000)
 Metaspace       used 97971K, committed 99648K, reserved 1179648K
  class space    used 9785K, committed 10560K, reserved 1048576K
GC Heap History (20 events):
Event: 71008.243 GC heap before
{Heap before GC invocations=15775 (full 13):
 PSYoungGen      total 3584K, used 3572K [0x00000000d5580000, 0x00000000d5c80000, 0x0000000100000000)
  eden space 3072K, 99% used [0x00000000d5580000,0x00000000d587ffb8,0x00000000d5880000)
  from space 512K, 97% used [0x00000000d5a80000,0x00000000d5afd068,0x00000000d5b00000)
  to   space 1536K, 0% used [0x00000000d5b00000,0x00000000d5b00000,0x00000000d5c80000)
 ParOldGen       total 1297408K, used 1297356K [0x0000000080000000, 0x00000000cf300000, 0x00000000d5580000)
  object space 1297408K, 99% used [0x0000000080000000,0x00000000cf2f32d8,0x00000000cf300000)
 Metaspace       used 97958K, committed 99648K, reserved 1179648K
  class space    used 9783K, committed 10560K, reserved 1048576K
}
Event: 71008.251 GC heap after
{Heap after GC invocations=15775 (full 13):
 PSYoungGen      total 3072K, used 1536K [0x00000000d5580000, 0x00000000d6080000, 0x0000000100000000)
  eden space 1536K, 0% used [0x00000000d5580000,0x00000000d5580000,0x00000000d5700000)
  from space 1536K, 100% used [0x00000000d5b00000,0x00000000d5c80000,0x00000000d5c80000)
  to   space 4096K, 0% used [0x00000000d5700000,0x00000000d5700000,0x00000000d5b00000)
 ParOldGen       total 1299456K, used 1299384K [0x0000000080000000, 0x00000000cf500000, 0x00000000d5580000)
  object space 1299456K, 99% used [0x0000000080000000,0x00000000cf4ee350,0x00000000cf500000)
 Metaspace       used 97958K, committed 99648K, reserved 1179648K
  class space    used 9783K, committed 10560K, reserved 1048576K
}
Event: 71008.264 GC heap before
{Heap before GC invocations=15776 (full 13):
 PSYoungGen      total 3072K, used 3071K [0x00000000d5580000, 0x00000000d6080000, 0x0000000100000000)
  eden space 1536K, 99% used [0x00000000d5580000,0x00000000d56fffe8,0x00000000d5700000)
  from space 1536K, 100% used [0x00000000d5b00000,0x00000000d5c80000,0x00000000d5c80000)
  to   space 4096K, 0% used [0x00000000d5700000,0x00000000d5700000,0x00000000d5b00000)
 ParOldGen       total 1299456K, used 1299384K [0x0000000080000000, 0x00000000cf500000, 0x00000000d5580000)
  object space 1299456K, 99% used [0x0000000080000000,0x00000000cf4ee350,0x00000000cf500000)
 Metaspace       used 97958K, committed 99648K, reserved 1179648K
  class space    used 9783K, committed 10560K, reserved 1048576K
}
Event: 71008.273 GC heap after
{Heap after GC invocations=15776 (full 13):
 PSYoungGen      total 3072K, used 1444K [0x00000000d5580000, 0x00000000d5c00000, 0x0000000100000000)
  eden space 1536K, 0% used [0x00000000d5580000,0x00000000d5580000,0x00000000d5700000)
  from space 1536K, 94% used [0x00000000d5700000,0x00000000d5869200,0x00000000d5880000)
  to   space 2560K, 0% used [0x00000000d5980000,0x00000000d5980000,0x00000000d5c00000)
 ParOldGen       total 1300992K, used 1300960K [0x0000000080000000, 0x00000000cf680000, 0x00000000d5580000)
  object space 1300992K, 99% used [0x0000000080000000,0x00000000cf678350,0x00000000cf680000)
 Metaspace       used 97958K, committed 99648K, reserved 1179648K
  class space    used 9783K, committed 10560K, reserved 1048576K
}
Event: 71008.279 GC heap before
{Heap before GC invocations=15777 (full 13):
 PSYoungGen      total 3072K, used 2914K [0x00000000d5580000, 0x00000000d5c00000, 0x0000000100000000)
  eden space 1536K, 95% used [0x00000000d5580000,0x00000000d56ef9b0,0x00000000d5700000)
  from space 1536K, 94% used [0x00000000d5700000,0x00000000d5869200,0x00000000d5880000)
  to   space 2560K, 0% used [0x00000000d5980000,0x00000000d5980000,0x00000000d5c00000)
 ParOldGen       total 1300992K, used 1300960K [0x0000000080000000, 0x00000000cf680000, 0x00000000d5580000)
  object space 1300992K, 99% used [0x0000000080000000,0x00000000cf678350,0x00000000cf680000)
 Metaspace       used 97958K, committed 99648K, reserved 1179648K
  class space    used 9783K, committed 10560K, reserved 1048576K
}
Event: 71008.285 GC heap after
{Heap after GC invocations=15777 (full 13):
 PSYoungGen      total 3072K, used 963K [0x00000000d5580000, 0x00000000d5a80000, 0x0000000100000000)
  eden space 2048K, 0% used [0x00000000d5580000,0x00000000d5580000,0x00000000d5780000)
  from space 1024K, 94% used [0x00000000d5980000,0x00000000d5a70c00,0x00000000d5a80000)
  to   space 1536K, 0% used [0x00000000d5780000,0x00000000d5780000,0x00000000d5900000)
 ParOldGen       total 1302528K, used 1302195K [0x0000000080000000, 0x00000000cf800000, 0x00000000d5580000)
  object space 1302528K, 99% used [0x0000000080000000,0x00000000cf7acf50,0x00000000cf800000)
 Metaspace       used 97958K, committed 99648K, reserved 1179648K
  class space    used 9783K, committed 10560K, reserved 1048576K
}
Event: 71008.324 GC heap before
{Heap before GC invocations=15778 (full 13):
 PSYoungGen      total 3072K, used 3011K [0x00000000d5580000, 0x00000000d5a80000, 0x0000000100000000)
  eden space 2048K, 100% used [0x00000000d5580000,0x00000000d5780000,0x00000000d5780000)
  from space 1024K, 94% used [0x00000000d5980000,0x00000000d5a70c00,0x00000000d5a80000)
  to   space 1536K, 0% used [0x00000000d5780000,0x00000000d5780000,0x00000000d5900000)
 ParOldGen       total 1302528K, used 1302195K [0x0000000080000000, 0x00000000cf800000, 0x00000000d5580000)
  object space 1302528K, 99% used [0x0000000080000000,0x00000000cf7acf50,0x00000000cf800000)
 Metaspace       used 97958K, committed 99648K, reserved 1179648K
  class space    used 9783K, committed 10560K, reserved 1048576K
}
Event: 71008.329 GC heap after
{Heap after GC invocations=15778 (full 13):
 PSYoungGen      total 3584K, used 1513K [0x00000000d5580000, 0x00000000d5e00000, 0x0000000100000000)
  eden space 2048K, 0% used [0x00000000d5580000,0x00000000d5580000,0x00000000d5780000)
  from space 1536K, 98% used [0x00000000d5780000,0x00000000d58fa730,0x00000000d5900000)
  to   space 3072K, 0% used [0x00000000d5b00000,0x00000000d5b00000,0x00000000d5e00000)
 ParOldGen       total 1303552K, used 1303134K [0x0000000080000000, 0x00000000cf900000, 0x00000000d5580000)
  object space 1303552K, 99% used [0x0000000080000000,0x00000000cf897b50,0x00000000cf900000)
 Metaspace       used 97958K, committed 99648K, reserved 1179648K
  class space    used 9783K, committed 10560K, reserved 1048576K
}
Event: 71008.342 GC heap before
{Heap before GC invocations=15779 (full 13):
 PSYoungGen      total 3584K, used 3537K [0x00000000d5580000, 0x00000000d5e00000, 0x0000000100000000)
  eden space 2048K, 98% used [0x00000000d5580000,0x00000000d5779dc8,0x00000000d5780000)
  from space 1536K, 98% used [0x00000000d5780000,0x00000000d58fa730,0x00000000d5900000)
  to   space 3072K, 0% used [0x00000000d5b00000,0x00000000d5b00000,0x00000000d5e00000)
 ParOldGen       total 1303552K, used 1303134K [0x0000000080000000, 0x00000000cf900000, 0x00000000d5580000)
  object space 1303552K, 99% used [0x0000000080000000,0x00000000cf897b50,0x00000000cf900000)
 Metaspace       used 97958K, committed 99648K, reserved 1179648K
  class space    used 9783K, committed 10560K, reserved 1048576K
}
Event: 71008.349 GC heap after
{Heap after GC invocations=15779 (full 13):
 PSYoungGen      total 4608K, used 2037K [0x00000000d5580000, 0x00000000d5d00000, 0x0000000100000000)
  eden space 2560K, 0% used [0x00000000d5580000,0x00000000d5580000,0x00000000d5800000)
  from space 2048K, 99% used [0x00000000d5b00000,0x00000000d5cfd400,0x00000000d5d00000)
  to   space 2560K, 0% used [0x00000000d5800000,0x00000000d5800000,0x00000000d5a80000)
 ParOldGen       total 1305088K, used 1304672K [0x0000000080000000, 0x00000000cfa80000, 0x00000000d5580000)
  object space 1305088K, 99% used [0x0000000080000000,0x00000000cfa18280,0x00000000cfa80000)
 Metaspace       used 97958K, committed 99648K, reserved 1179648K
  class space    used 9783K, committed 10560K, reserved 1048576K
}
Event: 71008.824 GC heap before
{Heap before GC invocations=15780 (full 13):
 PSYoungGen      total 4608K, used 4595K [0x00000000d5580000, 0x00000000d5d00000, 0x0000000100000000)
  eden space 2560K, 99% used [0x00000000d5580000,0x00000000d57ffbd8,0x00000000d5800000)
  from space 2048K, 99% used [0x00000000d5b00000,0x00000000d5cfd400,0x00000000d5d00000)
  to   space 2560K, 0% used [0x00000000d5800000,0x00000000d5800000,0x00000000d5a80000)
 ParOldGen       total 1305088K, used 1304672K [0x0000000080000000, 0x00000000cfa80000, 0x00000000d5580000)
  object space 1305088K, 99% used [0x0000000080000000,0x00000000cfa18280,0x00000000cfa80000)
 Metaspace       used 97958K, committed 99648K, reserved 1179648K
  class space    used 9783K, committed 10560K, reserved 1048576K
}
Event: 71008.833 GC heap after
{Heap after GC invocations=15780 (full 13):
 PSYoungGen      total 4096K, used 1232K [0x00000000d5580000, 0x00000000d5c00000, 0x0000000100000000)
  eden space 2560K, 0% used [0x00000000d5580000,0x00000000d5580000,0x00000000d5800000)
  from space 1536K, 80% used [0x00000000d5800000,0x00000000d5934000,0x00000000d5980000)
  to   space 2048K, 0% used [0x00000000d5a00000,0x00000000d5a00000,0x00000000d5c00000)
 ParOldGen       total 1306624K, used 1306616K [0x0000000080000000, 0x00000000cfc00000, 0x00000000d5580000)
  object space 1306624K, 99% used [0x0000000080000000,0x00000000cfbfe280,0x00000000cfc00000)
 Metaspace       used 97958K, committed 99648K, reserved 1179648K
  class space    used 9783K, committed 10560K, reserved 1048576K
}
Event: 71009.139 GC heap before
{Heap before GC invocations=15781 (full 13):
 PSYoungGen      total 4096K, used 3792K [0x00000000d5580000, 0x00000000d5c00000, 0x0000000100000000)
  eden space 2560K, 100% used [0x00000000d5580000,0x00000000d5800000,0x00000000d5800000)
  from space 1536K, 80% used [0x00000000d5800000,0x00000000d5934000,0x00000000d5980000)
  to   space 2048K, 0% used [0x00000000d5a00000,0x00000000d5a00000,0x00000000d5c00000)
 ParOldGen       total 1306624K, used 1306616K [0x0000000080000000, 0x00000000cfc00000, 0x00000000d5580000)
  object space 1306624K, 99% used [0x0000000080000000,0x00000000cfbfe280,0x00000000cfc00000)
 Metaspace       used 97958K, committed 99648K, reserved 1179648K
  class space    used 9783K, committed 10560K, reserved 1048576K
}
Event: 71009.144 GC heap after
{Heap after GC invocations=15781 (full 13):
 PSYoungGen      total 3072K, used 320K [0x00000000d5580000, 0x00000000d5a80000, 0x0000000100000000)
  eden space 2560K, 0% used [0x00000000d5580000,0x00000000d5580000,0x00000000d5800000)
  from space 512K, 62% used [0x00000000d5a00000,0x00000000d5a50000,0x00000000d5a80000)
  to   space 1024K, 0% used [0x00000000d5880000,0x00000000d5880000,0x00000000d5980000)
 ParOldGen       total 1307648K, used 1307464K [0x0000000080000000, 0x00000000cfd00000, 0x00000000d5580000)
  object space 1307648K, 99% used [0x0000000080000000,0x00000000cfcd2280,0x00000000cfd00000)
 Metaspace       used 97958K, committed 99648K, reserved 1179648K
  class space    used 9783K, committed 10560K, reserved 1048576K
}
Event: 71016.541 GC heap before
{Heap before GC invocations=15782 (full 13):
 PSYoungGen      total 3072K, used 2880K [0x00000000d5580000, 0x00000000d5a80000, 0x0000000100000000)
  eden space 2560K, 100% used [0x00000000d5580000,0x00000000d5800000,0x00000000d5800000)
  from space 512K, 62% used [0x00000000d5a00000,0x00000000d5a50000,0x00000000d5a80000)
  to   space 1024K, 0% used [0x00000000d5880000,0x00000000d5880000,0x00000000d5980000)
 ParOldGen       total 1307648K, used 1307464K [0x0000000080000000, 0x00000000cfd00000, 0x00000000d5580000)
  object space 1307648K, 99% used [0x0000000080000000,0x00000000cfcd2280,0x00000000cfd00000)
 Metaspace       used 97964K, committed 99648K, reserved 1179648K
  class space    used 9783K, committed 10560K, reserved 1048576K
}
Event: 71016.545 GC heap after
{Heap after GC invocations=15782 (full 13):
 PSYoungGen      total 3584K, used 336K [0x00000000d5580000, 0x00000000d5a80000, 0x0000000100000000)
  eden space 2560K, 0% used [0x00000000d5580000,0x00000000d5580000,0x00000000d5800000)
  from space 1024K, 32% used [0x00000000d5880000,0x00000000d58d4030,0x00000000d5980000)
  to   space 512K, 0% used [0x00000000d5a00000,0x00000000d5a00000,0x00000000d5a80000)
 ParOldGen       total 1307648K, used 1307512K [0x0000000080000000, 0x00000000cfd00000, 0x00000000d5580000)
  object space 1307648K, 99% used [0x0000000080000000,0x00000000cfcde280,0x00000000cfd00000)
 Metaspace       used 97964K, committed 99648K, reserved 1179648K
  class space    used 9783K, committed 10560K, reserved 1048576K
}
Event: 71022.064 GC heap before
{Heap before GC invocations=15783 (full 13):
 PSYoungGen      total 3584K, used 2896K [0x00000000d5580000, 0x00000000d5a80000, 0x0000000100000000)
  eden space 2560K, 100% used [0x00000000d5580000,0x00000000d5800000,0x00000000d5800000)
  from space 1024K, 32% used [0x00000000d5880000,0x00000000d58d4030,0x00000000d5980000)
  to   space 512K, 0% used [0x00000000d5a00000,0x00000000d5a00000,0x00000000d5a80000)
 ParOldGen       total 1307648K, used 1307512K [0x0000000080000000, 0x00000000cfd00000, 0x00000000d5580000)
  object space 1307648K, 99% used [0x0000000080000000,0x00000000cfcde280,0x00000000cfd00000)
 Metaspace       used 97964K, committed 99648K, reserved 1179648K
  class space    used 9783K, committed 10560K, reserved 1048576K
}
Event: 71022.068 GC heap after
{Heap after GC invocations=15783 (full 13):
 PSYoungGen      total 3072K, used 224K [0x00000000d5580000, 0x00000000d5a80000, 0x0000000100000000)
  eden space 2560K, 0% used [0x00000000d5580000,0x00000000d5580000,0x00000000d5800000)
  from space 512K, 43% used [0x00000000d5a00000,0x00000000d5a38000,0x00000000d5a80000)
  to   space 512K, 0% used [0x00000000d5980000,0x00000000d5980000,0x00000000d5a00000)
 ParOldGen       total 1308160K, used 1307712K [0x0000000080000000, 0x00000000cfd80000, 0x00000000d5580000)
  object space 1308160K, 99% used [0x0000000080000000,0x00000000cfd102f0,0x00000000cfd80000)
 Metaspace       used 97964K, committed 99648K, reserved 1179648K
  class space    used 9783K, committed 10560K, reserved 1048576K
}
Event: 71023.085 GC heap before
{Heap before GC invocations=15784 (full 13):
 PSYoungGen      total 3072K, used 2784K [0x00000000d5580000, 0x00000000d5a80000, 0x0000000100000000)
  eden space 2560K, 100% used [0x00000000d5580000,0x00000000d5800000,0x00000000d5800000)
  from space 512K, 43% used [0x00000000d5a00000,0x00000000d5a38000,0x00000000d5a80000)
  to   space 512K, 0% used [0x00000000d5980000,0x00000000d5980000,0x00000000d5a00000)
 ParOldGen       total 1308160K, used 1307712K [0x0000000080000000, 0x00000000cfd80000, 0x00000000d5580000)
  object space 1308160K, 99% used [0x0000000080000000,0x00000000cfd102f0,0x00000000cfd80000)
 Metaspace       used 97971K, committed 99648K, reserved 1179648K
  class space    used 9785K, committed 10560K, reserved 1048576K
}
Event: 71023.088 GC heap after
{Heap after GC invocations=15784 (full 13):
 PSYoungGen      total 3072K, used 256K [0x00000000d5580000, 0x00000000d5a80000, 0x0000000100000000)
  eden space 2560K, 0% used [0x00000000d5580000,0x00000000d5580000,0x00000000d5800000)
  from space 512K, 50% used [0x00000000d5980000,0x00000000d59c0000,0x00000000d5a00000)
  to   space 512K, 0% used [0x00000000d5a00000,0x00000000d5a00000,0x00000000d5a80000)
 ParOldGen       total 1308160K, used 1307736K [0x0000000080000000, 0x00000000cfd80000, 0x00000000d5580000)
  object space 1308160K, 99% used [0x0000000080000000,0x00000000cfd162f0,0x00000000cfd80000)
 Metaspace       used 97971K, committed 99648K, reserved 1179648K
  class space    used 9785K, committed 10560K, reserved 1048576K
}

